android/app/build/intermediates/manifest_merge_blame_file/debug/processDebugMainManifest/manifest-merger-blame-debug-report.txt
1<?xml version="1.0" encoding="utf-8"?>
2<manifest xmlns:android="http://schemas.android.com/apk/res/android"
3    package="com.vajranet.sih"
4    android:versionCode="1"
5    android:versionName="1.0" >
6
7    <uses-sdk
8        android:minSdkVersion="24"
9        android:targetSdkVersion="36" />
10
11    <!-- Permissions for 24/7 Background Mesh Relay -->
12    <uses-permission android:name="android.permission.FOREGROUND_SERVICE" />
12-->src\main\AndroidManifest.xml:5:5-77
12-->src\main\AndroidManifest.xml:5:22-74
13    <uses-permission android:name="android.permission.FOREGROUND_SERVICE_CONNECTED_DEVICE" />
13-->src\main\AndroidManifest.xml:6:5-94
13-->src\main\AndroidManifest.xml:6:22-91
14    <uses-permission android:name="android.permission.WAKE_LOCK" />
14-->src\main\AndroidManifest.xml:7:5-68
14-->src\main\AndroidManifest.xml:7:22-65
15    <uses-permission android:name="android.permission.POST_NOTIFICATIONS" />
15-->src\main\AndroidManifest.xml:8:5-77
15-->src\main\AndroidManifest.xml:8:22-74
16
17    <!-- Permissions for Hardware Offline P2P Nearby Connections -->
18    <uses-permission android:name="android.permission.INTERNET" />
18-->src\main\AndroidManifest.xml:11:5-67
18-->src\main\AndroidManifest.xml:11:22-64
19    <uses-permission android:name="android.permission.ACCESS_NETWORK_STATE" />
19-->src\main\AndroidManifest.xml:12:5-79
19-->src\main\AndroidManifest.xml:12:22-76
20    <uses-permission android:name="android.permission.ACCESS_WIFI_STATE" />
20-->src\main\AndroidManifest.xml:13:5-76
20-->src\main\AndroidManifest.xml:13:22-73
21    <uses-permission android:name="android.permission.CHANGE_WIFI_STATE" />
21-->src\main\AndroidManifest.xml:14:5-76
21-->src\main\AndroidManifest.xml:14:22-73
22    <uses-permission android:name="android.permission.CHANGE_NETWORK_STATE" />
22-->src\main\AndroidManifest.xml:15:5-79
22-->src\main\AndroidManifest.xml:15:22-76
23    <uses-permission android:name="android.permission.BLUETOOTH" />
23-->src\main\AndroidManifest.xml:16:5-68
23-->src\main\AndroidManifest.xml:16:22-65
24    <uses-permission android:name="android.permission.BLUETOOTH_ADMIN" />
24-->src\main\AndroidManifest.xml:17:5-74
24-->src\main\AndroidManifest.xml:17:22-71
25    <uses-permission android:name="android.permission.ACCESS_COARSE_LOCATION" />
25-->src\main\AndroidManifest.xml:18:5-81
25-->src\main\AndroidManifest.xml:18:22-78
26    <uses-permission android:name="android.permission.ACCESS_FINE_LOCATION" />
26-->src\main\AndroidManifest.xml:19:5-79
26-->src\main\AndroidManifest.xml:19:22-76
27
28    <!-- Android 12+ (API 31+) Bluetooth and Nearby Permissions -->
29    <uses-permission android:name="android.permission.BLUETOOTH_SCAN" />
29-->src\main\AndroidManifest.xml:22:5-73
29-->src\main\AndroidManifest.xml:22:22-70
30    <uses-permission android:name="android.permission.BLUETOOTH_ADVERTISE" />
30-->src\main\AndroidManifest.xml:23:5-78
30-->src\main\AndroidManifest.xml:23:22-75
31    <uses-permission android:name="android.permission.BLUETOOTH_CONNECT" />
31-->src\main\AndroidManifest.xml:24:5-76
31-->src\main\AndroidManifest.xml:24:22-73
32
33    <!-- Android 13+ (API 33+) Nearby Wi-Fi Devices Permission -->
34    <uses-permission android:name="android.permission.NEARBY_WIFI_DEVICES" />
34-->src\main\AndroidManifest.xml:27:5-78
34-->src\main\AndroidManifest.xml:27:22-75
35
36    <!-- Declare Bluetooth as optional for Google Play Protect compatibility -->
37    <uses-feature
37-->src\main\AndroidManifest.xml:30:5-88
38        android:name="android.hardware.bluetooth"
38-->src\main\AndroidManifest.xml:30:19-60
39        android:required="false" />
39-->src\main\AndroidManifest.xml:30:61-85
40    <uses-feature
40-->src\main\AndroidManifest.xml:31:5-91
41        android:name="android.hardware.bluetooth_le"
41-->src\main\AndroidManifest.xml:31:19-63
42        android:required="false" />
42-->src\main\AndroidManifest.xml:31:64-88
43
44    <permission
44-->[androidx.core:core:1.17.0] AndroidManifest.xml:22:5-24:47
45        android:name="com.vajranet.sih.DYNAMIC_RECEIVER_NOT_EXPORTED_PERMISSION"
45-->[androidx.core:core:1.17.0] AndroidManifest.xml:23:9-81
46        android:protectionLevel="signature" />
46-->[androidx.core:core:1.17.0] AndroidManifest.xml:24:9-44
47
48    <uses-permission android:name="com.vajranet.sih.DYNAMIC_RECEIVER_NOT_EXPORTED_PERMISSION" />
48-->[androidx.core:core:1.17.0] AndroidManifest.xml:26:5-97
48-->[androidx.core:core:1.17.0] AndroidManifest.xml:26:22-94
49
50    <application
50-->src\main\AndroidManifest.xml:33:5-75:19
51        android:allowBackup="true"
51-->src\main\AndroidManifest.xml:34:9-35
52        android:appComponentFactory="androidx.core.app.CoreComponentFactory"
52-->[androidx.core:core:1.17.0] AndroidManifest.xml:28:18-86
53        android:debuggable="true"
54        android:extractNativeLibs="false"
55        android:icon="@mipmap/ic_launcher"
55-->src\main\AndroidManifest.xml:35:9-43
56        android:label="@string/app_name"
56-->src\main\AndroidManifest.xml:36:9-41
57        android:roundIcon="@mipmap/ic_launcher_round"
57-->src\main\AndroidManifest.xml:37:9-54
58        android:supportsRtl="true"
58-->src\main\AndroidManifest.xml:38:9-35
59        android:theme="@style/AppTheme" >
59-->src\main\AndroidManifest.xml:39:9-40
60        <activity
60-->src\main\AndroidManifest.xml:41:9-54:20
61            android:name="com.vajranet.sih.MainActivity"
61-->src\main\AndroidManifest.xml:43:13-41
62            android:configChanges="orientation|keyboardHidden|keyboard|screenSize|locale|smallestScreenSize|screenLayout|uiMode|navigation|density"
62-->src\main\AndroidManifest.xml:42:13-148
63            android:exported="true"
63-->src\main\AndroidManifest.xml:47:13-36
64            android:label="@string/title_activity_main"
64-->src\main\AndroidManifest.xml:44:13-56
65            android:launchMode="singleTask"
65-->src\main\AndroidManifest.xml:46:13-44
66            android:theme="@style/AppTheme.NoActionBarLaunch" >
66-->src\main\AndroidManifest.xml:45:13-62
67            <intent-filter>
67-->src\main\AndroidManifest.xml:49:13-52:29
68                <action android:name="android.intent.action.MAIN" />
68-->src\main\AndroidManifest.xml:50:17-69
68-->src\main\AndroidManifest.xml:50:25-66
69
70                <category android:name="android.intent.category.LAUNCHER" />
70-->src\main\AndroidManifest.xml:51:17-77
70-->src\main\AndroidManifest.xml:51:27-74
71            </intent-filter>
72        </activity>
73
74        <!-- 24/7 Background Disaster Mesh Relay Service -->
75        <service
75-->src\main\AndroidManifest.xml:57:9-60:40
76            android:name="com.vajranet.sih.VajraMeshService"
76-->src\main\AndroidManifest.xml:58:13-45
77            android:exported="false"
77-->src\main\AndroidManifest.xml:60:13-37
78            android:foregroundServiceType="connectedDevice" />
78-->src\main\AndroidManifest.xml:59:13-60
79
80        <!--
81             VajraSmsReceiver is intentionally NOT included here.
82             Citizens only SEND emergency SMS — the trusted device (police/govt)
83             handles receiving and relaying to the backend.
84        -->
85
86        <provider
87            android:name="androidx.core.content.FileProvider"
87-->src\main\AndroidManifest.xml:67:13-62
88            android:authorities="com.vajranet.sih.fileprovider"
88-->src\main\AndroidManifest.xml:68:13-64
89            android:exported="false"
89-->src\main\AndroidManifest.xml:69:13-37
90            android:grantUriPermissions="true" >
90-->src\main\AndroidManifest.xml:70:13-47
91            <meta-data
91-->src\main\AndroidManifest.xml:71:13-73:64
92                android:name="android.support.FILE_PROVIDER_PATHS"
92-->src\main\AndroidManifest.xml:72:17-67
93                android:resource="@xml/file_paths" />
93-->src\main\AndroidManifest.xml:73:17-51
94        </provider>
95
96        <service
96-->[com.google.android.gms:play-services-nearby:19.3.0] AndroidManifest.xml:9:9-214
97            android:name="com.google.android.gms.nearby.exposurenotification.WakeUpService"
97-->[com.google.android.gms:play-services-nearby:19.3.0] AndroidManifest.xml:9:18-97
98            android:exported="true"
98-->[com.google.android.gms:play-services-nearby:19.3.0] AndroidManifest.xml:9:98-121
99            android:permission="com.google.android.gms.nearby.exposurenotification.EXPOSURE_CALLBACK" />
99-->[com.google.android.gms:play-services-nearby:19.3.0] AndroidManifest.xml:9:122-211
100
101        <provider
101-->[androidx.emoji2:emoji2:1.3.0] AndroidManifest.xml:24:9-32:20
102            android:name="androidx.startup.InitializationProvider"
102-->[androidx.emoji2:emoji2:1.3.0] AndroidManifest.xml:25:13-67
103            android:authorities="com.vajranet.sih.androidx-startup"
103-->[androidx.emoji2:emoji2:1.3.0] AndroidManifest.xml:26:13-68
104            android:exported="false" >
104-->[androidx.emoji2:emoji2:1.3.0] AndroidManifest.xml:27:13-37
105            <meta-data
105-->[androidx.emoji2:emoji2:1.3.0] AndroidManifest.xml:29:13-31:52
106                android:name="androidx.emoji2.text.EmojiCompatInitializer"
106-->[androidx.emoji2:emoji2:1.3.0] AndroidManifest.xml:30:17-75
107                android:value="androidx.startup" />
107-->[androidx.emoji2:emoji2:1.3.0] AndroidManifest.xml:31:17-49
108            <meta-data
108-->[androidx.lifecycle:lifecycle-process:2.6.2] AndroidManifest.xml:29:13-31:52
109                android:name="androidx.lifecycle.ProcessLifecycleInitializer"
109-->[androidx.lifecycle:lifecycle-process:2.6.2] AndroidManifest.xml:30:17-78
110                android:value="androidx.startup" />
110-->[androidx.lifecycle:lifecycle-process:2.6.2] AndroidManifest.xml:31:17-49
111            <meta-data
111-->[androidx.profileinstaller:profileinstaller:1.4.0] AndroidManifest.xml:29:13-31:52
112                android:name="androidx.profileinstaller.ProfileInstallerInitializer"
112-->[androidx.profileinstaller:profileinstaller:1.4.0] AndroidManifest.xml:30:17-85
113                android:value="androidx.startup" />
113-->[androidx.profileinstaller:profileinstaller:1.4.0] AndroidManifest.xml:31:17-49
114        </provider>
115
116        <activity
116-->[com.google.android.gms:play-services-base:18.5.0] AndroidManifest.xml:5:9-173
117            android:name="com.google.android.gms.common.api.GoogleApiActivity"
117-->[com.google.android.gms:play-services-base:18.5.0] AndroidManifest.xml:5:19-85
118            android:exported="false"
118-->[com.google.android.gms:play-services-base:18.5.0] AndroidManifest.xml:5:146-170
119            android:theme="@android:style/Theme.Translucent.NoTitleBar" />
119-->[com.google.android.gms:play-services-base:18.5.0] AndroidManifest.xml:5:86-145
120
121        <meta-data
121-->[com.google.android.gms:play-services-basement:18.4.0] AndroidManifest.xml:6:9-122
122            android:name="com.google.android.gms.version"
122-->[com.google.android.gms:play-services-basement:18.4.0] AndroidManifest.xml:6:20-65
123            android:value="@integer/google_play_services_version" />
123-->[com.google.android.gms:play-services-basement:18.4.0] AndroidManifest.xml:6:66-119
124
125        <receiver
125-->[androidx.profileinstaller:profileinstaller:1.4.0] AndroidManifest.xml:34:9-52:20
126            android:name="androidx.profileinstaller.ProfileInstallReceiver"
126-->[androidx.profileinstaller:profileinstaller:1.4.0] AndroidManifest.xml:35:13-76
127            android:directBootAware="false"
127-->[androidx.profileinstaller:profileinstaller:1.4.0] AndroidManifest.xml:36:13-44
128            android:enabled="true"
128-->[androidx.profileinstaller:profileinstaller:1.4.0] AndroidManifest.xml:37:13-35
129            android:exported="true"
129-->[androidx.profileinstaller:profileinstaller:1.4.0] AndroidManifest.xml:38:13-36
130            android:permission="android.permission.DUMP" >
130-->[androidx.profileinstaller:profileinstaller:1.4.0] AndroidManifest.xml:39:13-57
131            <intent-filter>
131-->[androidx.profileinstaller:profileinstaller:1.4.0] AndroidManifest.xml:40:13-42:29
132                <action android:name="androidx.profileinstaller.action.INSTALL_PROFILE" />
132-->[androidx.profileinstaller:profileinstaller:1.4.0] AndroidManifest.xml:41:17-91
132-->[androidx.profileinstaller:profileinstaller:1.4.0] AndroidManifest.xml:41:25-88
133            </intent-filter>
134            <intent-filter>
134-->[androidx.profileinstaller:profileinstaller:1.4.0] AndroidManifest.xml:43:13-45:29
135                <action android:name="androidx.profileinstaller.action.SKIP_FILE" />
135-->[androidx.profileinstaller:profileinstaller:1.4.0] AndroidManifest.xml:44:17-85
135-->[androidx.profileinstaller:profileinstaller:1.4.0] AndroidManifest.xml:44:25-82
136            </intent-filter>
137            <intent-filter>
137-->[androidx.profileinstaller:profileinstaller:1.4.0] AndroidManifest.xml:46:13-48:29
138                <action android:name="androidx.profileinstaller.action.SAVE_PROFILE" />
138-->[androidx.profileinstaller:profileinstaller:1.4.0] AndroidManifest.xml:47:17-88
138-->[androidx.profileinstaller:profileinstaller:1.4.0] AndroidManifest.xml:47:25-85
139            </intent-filter>
140            <intent-filter>
140-->[androidx.profileinstaller:profileinstaller:1.4.0] AndroidManifest.xml:49:13-51:29
141                <action android:name="androidx.profileinstaller.action.BENCHMARK_OPERATION" />
141-->[androidx.profileinstaller:profileinstaller:1.4.0] AndroidManifest.xml:50:17-95
141-->[androidx.profileinstaller:profileinstaller:1.4.0] AndroidManifest.xml:50:25-92
142            </intent-filter>
143        </receiver>
144    </application>
145
146</manifest>